[debug] [2024-05-12T21:10:09.417Z] ----------------------------------------------------------------------
[debug] [2024-05-12T21:10:09.420Z] Command:       /usr/local/bin/firebase /Users/joannelu/.cache/firebase/tools/lib/node_modules/firebase-tools/lib/bin/firebase init
[debug] [2024-05-12T21:10:09.420Z] CLI Version:   13.8.3
[debug] [2024-05-12T21:10:09.420Z] Platform:      darwin
[debug] [2024-05-12T21:10:09.421Z] Node Version:  v18.5.0
[debug] [2024-05-12T21:10:09.423Z] Time:          Sun May 12 2024 17:10:09 GMT-0400 (Eastern Daylight Time)
[debug] [2024-05-12T21:10:09.423Z] ----------------------------------------------------------------------
[debug] 
[debug] [2024-05-12T21:10:09.431Z] > command requires scopes: ["email","openid","https://www.googleapis.com/auth/cloudplatformprojects.readonly","https://www.googleapis.com/auth/firebase","https://www.googleapis.com/auth/cloud-platform"]
[debug] [2024-05-12T21:10:09.431Z] > authorizing via signed-in user (snowbrianlu@gmail.com)
[info] 
     ######## #### ########  ######## ########     ###     ######  ########
     ##        ##  ##     ## ##       ##     ##  ##   ##  ##       ##
     ######    ##  ########  ######   ########  #########  ######  ######
     ##        ##  ##    ##  ##       ##     ## ##     ##       ## ##
     ##       #### ##     ## ######## ########  ##     ##  ######  ########

You're about to initialize a Firebase project in this directory:

  /Users/joannelu/cse316/final-project-team-brian-evan

[info] 
=== Project Setup
[info] 
[info] First, let's associate this project directory with a Firebase project.
[info] You can create multiple project aliases by running firebase use --add, 
[info] but for now we'll just set up a default project.
[info] 
[debug] [2024-05-12T21:10:29.401Z] > refreshing access token with scopes: []
[debug] [2024-05-12T21:10:29.404Z] >>> [apiv2][query] POST https://www.googleapis.com/oauth2/v3/token [none]
[debug] [2024-05-12T21:10:29.405Z] >>> [apiv2][body] POST https://www.googleapis.com/oauth2/v3/token [omitted]
[debug] [2024-05-12T21:10:29.924Z] <<< [apiv2][status] POST https://www.googleapis.com/oauth2/v3/token 200
[debug] [2024-05-12T21:10:29.924Z] <<< [apiv2][body] POST https://www.googleapis.com/oauth2/v3/token [omitted]
[debug] [2024-05-12T21:10:29.951Z] >>> [apiv2][query] GET https://firebase.googleapis.com/v1beta1/projects pageSize=100
[debug] [2024-05-12T21:10:30.337Z] <<< [apiv2][status] GET https://firebase.googleapis.com/v1beta1/projects 200
[debug] [2024-05-12T21:10:30.337Z] <<< [apiv2][body] GET https://firebase.googleapis.com/v1beta1/projects [omitted]
[info] i  Using project fakestackoverflow-f08e9 (FakeStackOverflow) 
[info] 
=== Hosting Setup
[debug] [2024-05-12T21:10:33.550Z] >>> [apiv2][query] GET https://firebase.googleapis.com/v1beta1/projects/fakestackoverflow-f08e9 [none]
[debug] [2024-05-12T21:10:33.921Z] <<< [apiv2][status] GET https://firebase.googleapis.com/v1beta1/projects/fakestackoverflow-f08e9 200
[debug] [2024-05-12T21:10:33.922Z] <<< [apiv2][body] GET https://firebase.googleapis.com/v1beta1/projects/fakestackoverflow-f08e9 {"projectId":"fakestackoverflow-f08e9","projectNumber":"304362601435","displayName":"FakeStackOverflow","name":"projects/fakestackoverflow-f08e9","resources":{"hostingSite":"fakestackoverflow-f08e9"},"state":"ACTIVE","etag":"1_61a8a7bb-b86c-4b62-a0df-64fafb1ffd79"}
[info] 
[info] Your public directory is the folder (relative to your project directory) that
[info] will contain Hosting assets to be uploaded with firebase deploy. If you
[info] have a build process for your assets, use your build's output directory.
[info] 
[debug] [2024-05-12T21:10:57.599Z] >>> [apiv2][query] GET https://www.gstatic.com/firebasejs/releases.json [none]
[debug] [2024-05-12T21:10:57.670Z] <<< [apiv2][status] GET https://www.gstatic.com/firebasejs/releases.json 200
[debug] [2024-05-12T21:10:57.670Z] <<< [apiv2][body] GET https://www.gstatic.com/firebasejs/releases.json {"current":{"version":"10.11.1","browserURL":"https://www.gstatic.com/firebasejs/10.11.1/firebase.js","packageURL":"https://www.gstatic.com/firebasejs/10.11.1/firebase.tgz"},"live":{"version":"10.11","browserURL":"https://www.gstatic.com/firebasejs/live/10.11/firebase.js","packageURL":"https://www.gstatic.com/firebasejs/live/10.11/firebase.tgz"},"components":{"analytics":"https://www.gstatic.com/firebasejs/10.11.1/firebase-analytics.js","app":"https://www.gstatic.com/firebasejs/10.11.1/firebase-app.js","app-check":"https://www.gstatic.com/firebasejs/10.11.1/firebase-app-check.js","auth":"https://www.gstatic.com/firebasejs/10.11.1/firebase-auth.js","auth/cordova":"https://www.gstatic.com/firebasejs/10.11.1/firebase-auth/cordova.js","auth/web-extension":"https://www.gstatic.com/firebasejs/10.11.1/firebase-auth/web-extension.js","functions":"https://www.gstatic.com/firebasejs/10.11.1/firebase-functions.js","firestore":"https://www.gstatic.com/firebasejs/10.11.1/firebase-firestore.js","firestore/lite":"https://www.gstatic.com/firebasejs/10.11.1/firebase-firestore/lite.js","installations":"https://www.gstatic.com/firebasejs/10.11.1/firebase-installations.js","storage":"https://www.gstatic.com/firebasejs/10.11.1/firebase-storage.js","performance":"https://www.gstatic.com/firebasejs/10.11.1/firebase-performance.js","remote-config":"https://www.gstatic.com/firebasejs/10.11.1/firebase-remote-config.js","messaging":"https://www.gstatic.com/firebasejs/10.11.1/firebase-messaging.js","messaging/sw":"https://www.gstatic.com/firebasejs/10.11.1/firebase-messaging/sw.js","database":"https://www.gstatic.com/firebasejs/10.11.1/firebase-database.js","firestore.memory":"https://www.gstatic.com/firebasejs/10.11.1/firebase-firestore.memory.js"}}
[info] ✔  Wrote public/index.html 
[info] 
[info] i  Detected a .git folder at /Users/joannelu/cse316/final-project-team-brian-evan 
[info] i  Authorizing with GitHub to upload your service account to a GitHub repository's secrets store. 
[info] 
[info] Visit this URL on this device to log in:
[info] https://github.com/login/oauth/authorize?client_id=89cf50f02ac6aaed3484&state=97678209&redirect_uri=http%3A%2F%2Flocalhost%3A9005&scope=read%3Auser%20repo%20public_repo
[info] 
[info] Waiting for authentication...
[debug] [2024-05-12T21:11:13.776Z] >>> [apiv2][query] POST https://github.com/login/oauth/access_token [none]
[debug] [2024-05-12T21:11:13.776Z] >>> [apiv2][body] POST https://github.com/login/oauth/access_token [stream]
[debug] [2024-05-12T21:11:13.932Z] <<< [apiv2][status] POST https://github.com/login/oauth/access_token 200
[debug] [2024-05-12T21:11:13.933Z] <<< [apiv2][body] POST https://github.com/login/oauth/access_token {"access_token":"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","token_type":"bearer","scope":"read:user,repo"}
[debug] [2024-05-12T21:11:14.030Z] >>> [apiv2][query] GET https://api.github.com/user [none]
[debug] [2024-05-12T21:11:14.210Z] <<< [apiv2][status] GET https://api.github.com/user 200
[debug] [2024-05-12T21:11:14.211Z] <<< [apiv2][body] GET https://api.github.com/user {"login":"BrianLuStony","id":111878668,"node_id":"U_kgDOBqsiDA","avatar_url":"https://avatars.githubusercontent.com/u/111878668?v=4","gravatar_id":"","url":"https://api.github.com/users/BrianLuStony","html_url":"https://github.com/BrianLuStony","followers_url":"https://api.github.com/users/BrianLuStony/followers","following_url":"https://api.github.com/users/BrianLuStony/following{/other_user}","gists_url":"https://api.github.com/users/BrianLuStony/gists{/gist_id}","starred_url":"https://api.github.com/users/BrianLuStony/starred{/owner}{/repo}","subscriptions_url":"https://api.github.com/users/BrianLuStony/subscriptions","organizations_url":"https://api.github.com/users/BrianLuStony/orgs","repos_url":"https://api.github.com/users/BrianLuStony/repos","events_url":"https://api.github.com/users/BrianLuStony/events{/privacy}","received_events_url":"https://api.github.com/users/BrianLuStony/received_events","type":"User","site_admin":false,"name":null,"company":null,"blog":"","location":null,"email":null,"hireable":null,"bio":null,"twitter_username":null,"public_repos":2,"public_gists":0,"followers":0,"following":0,"created_at":"2022-08-23T12:27:57Z","updated_at":"2024-04-19T14:12:01Z","private_gists":0,"total_private_repos":5,"owned_private_repos":5,"disk_usage":53434,"collaborators":4,"two_factor_authentication":false,"plan":{"name":"free","space":976562499,"collaborators":0,"private_repos":10000}}
[info] 
[info] ✔  Success! Logged into GitHub as BrianLuStony 
[info] 
